2024-10-11 09:25:59 - INFO - Iniciando as iinstâncias do Google Chrome
2024-10-11 09:26:01 - INFO - Iniciando o funcionamento do robô.
2024-10-11 09:26:27 - INFO - Janelas abertas e logins efetuados com sucesso
2024-10-11 09:26:27 - INFO - Filtrando apenas 50 produtos e buscando os status Delivery Outstanding e Confirmed
2024-10-11 09:26:29 - INFO - Pedidos filtrados com sucesso.
2024-10-11 09:26:29 - INFO - Iniciando coleta de informações de acordo com o tracking number de cada pedido
2024-10-11 09:26:40 - INFO - Tracking Number: TR-10025-100  Status Delivery:  Delivered

2024-10-11 09:26:45 - INFO - Tracking Number: TR-10025-101  Status Delivery:  Delivered

2024-10-11 09:26:50 - INFO - Tracking Number: TR-10025-102  Status Delivery:  Delivered

2024-10-11 09:26:55 - INFO - Tracking Number: TR-10025-103  Status Delivery:  Delivered

2024-10-11 09:27:05 - INFO - Botão Generate Invoice clicado para: TR-10025-103
2024-10-11 09:27:16 - INFO - Tracking Number: TR-10081-100  Status Delivery:  Delivered

2024-10-11 09:27:21 - INFO - Tracking Number: TR-10081-101  Status Delivery:  Delivered

2024-10-11 09:27:26 - INFO - Tracking Number: TR-10081-102  Status Delivery:  Delivered

2024-10-11 09:27:36 - INFO - Botão Generate Invoice clicado para: TR-10081-102
2024-10-11 09:27:47 - INFO - Tracking Number: TR-10140-100  Status Delivery:  Label Created

2024-10-11 09:27:52 - INFO - Botão Close clicado para: TR-10140-100
2024-10-11 09:28:02 - INFO - Tracking Number: TR-10111-100  Status Delivery:  In transit

2024-10-11 09:28:07 - INFO - Botão Close clicado para: TR-10111-100
2024-10-11 09:28:17 - INFO - Tracking Number: TR-10056-100  Status Delivery:  Delivered

2024-10-11 09:28:23 - INFO - Tracking Number: TR-10056-101  Status Delivery:  Delivered

2024-10-11 09:28:33 - INFO - Botão Generate Invoice clicado para: TR-10056-101
2024-10-11 09:28:43 - INFO - Tracking Number: TR-10101-100  Status Delivery:  Delivered

2024-10-11 09:28:48 - INFO - Tracking Number: TR-10101-101  Status Delivery:  Delivered

2024-10-11 09:28:54 - INFO - Tracking Number: TR-10101-102  Status Delivery:  Delivered

2024-10-11 09:28:59 - INFO - Tracking Number: TR-10101-103  Status Delivery:  Delivered

2024-10-11 09:29:09 - INFO - Botão Generate Invoice clicado para: TR-10101-103
2024-10-11 09:29:19 - INFO - Tracking Number: TR-10135-100  Status Delivery:  Delivered

2024-10-11 09:29:24 - INFO - Tracking Number: TR-10135-101  Status Delivery:  Delivered

2024-10-11 09:29:30 - INFO - Tracking Number: TR-10135-102  Status Delivery:  Delivered

2024-10-11 09:29:35 - INFO - Tracking Number: TR-10135-103  Status Delivery:  Delivered

2024-10-11 09:29:45 - INFO - Botão Generate Invoice clicado para: TR-10135-103
2024-10-11 09:29:55 - INFO - Tracking Number: TR-10163-100  Status Delivery:  In transit

2024-10-11 09:30:00 - INFO - Botão Close clicado para: TR-10163-100
2024-10-11 09:30:11 - INFO - Tracking Number: TR-10033-100  Status Delivery:  Delivered

2024-10-11 09:30:16 - INFO - Tracking Number: TR-10033-101  Status Delivery:  Delivered

2024-10-11 09:30:26 - INFO - Botão Generate Invoice clicado para: TR-10033-101
2024-10-11 09:30:36 - INFO - Tracking Number: TR-10106-100  Status Delivery:  Delivered

2024-10-11 09:30:41 - INFO - Tracking Number: TR-10106-101  Status Delivery:  Delivered

2024-10-11 09:30:52 - INFO - Botão Generate Invoice clicado para: TR-10106-101
2024-10-11 09:31:02 - INFO - Tracking Number: TR-10067-100  Status Delivery:  In transit

2024-10-11 09:31:07 - INFO - Botão Close clicado para: TR-10067-100
2024-10-11 09:31:07 - INFO - Verificação realizada com sucesso.
2024-10-11 09:31:07 - INFO - Autmoção finalizada, fechando todas as janelas.
